d:\renderdoc\magicrenderdoc\d3d11-wrapper-master\debug\x64\build\vc141.pdb
d:\renderdoc\magicrenderdoc\d3d11-wrapper-master\debug\x64\build\vc141.idb
d:\renderdoc\magicrenderdoc\d3d11-wrapper-master\debug\x64\build\dllmain.obj
d:\renderdoc\magicrenderdoc\d3d11-wrapper-master\debug\x64\build\exports_.obj
d:\renderdoc\magicrenderdoc\d3d11-wrapper-master\debug\x64\build\d3d11.obj
d:\renderdoc\magicrenderdoc\d3d11-wrapper-master\debug\x64\d3d11.lib
d:\renderdoc\magicrenderdoc\d3d11-wrapper-master\debug\x64\d3d11.exp
d:\renderdoc\magicrenderdoc\d3d11-wrapper-master\debug\x64\d3d11.ilk
d:\renderdoc\magicrenderdoc\d3d11-wrapper-master\debug\x64\d3d11.dll
d:\renderdoc\magicrenderdoc\d3d11-wrapper-master\debug\x64\d3d11.pdb
d:\renderdoc\magicrenderdoc\d3d11-wrapper\debug\x64\build\d3d11.obj
d:\renderdoc\magicrenderdoc\d3d11-wrapper\debug\x64\build\dllmain.obj
d:\renderdoc\magicrenderdoc\d3d11-wrapper\debug\x64\build\exports_.obj
d:\renderdoc\magicrenderdoc\d3d11-wrapper\debug\x64\build\vc141.idb
d:\renderdoc\magicrenderdoc\d3d11-wrapper\debug\x64\build\vc141.pdb
d:\renderdoc\magicrenderdoc\d3d11-wrapper\debug\x64\d3d11.pdb
d:\renderdoc\magicrenderdoc\d3d11-wrapper\debug\x64\d3d11.dll
d:\renderdoc\magicrenderdoc\d3d11-wrapper\debug\x64\d3d11.ilk
d:\renderdoc\magicrenderdoc\d3d11-wrapper\debug\x64\build\d3d11_wrapper.tlog\cl.command.1.tlog
d:\renderdoc\magicrenderdoc\d3d11-wrapper\debug\x64\build\d3d11_wrapper.tlog\cl.read.1.tlog
d:\renderdoc\magicrenderdoc\d3d11-wrapper\debug\x64\build\d3d11_wrapper.tlog\cl.write.1.tlog
d:\renderdoc\magicrenderdoc\d3d11-wrapper\debug\x64\build\d3d11_wrapper.tlog\d3d11_wrapper.write.1u.tlog
d:\renderdoc\magicrenderdoc\d3d11-wrapper\debug\x64\build\d3d11_wrapper.tlog\link.command.1.tlog
d:\renderdoc\magicrenderdoc\d3d11-wrapper\debug\x64\build\d3d11_wrapper.tlog\link.read.1.tlog
d:\renderdoc\magicrenderdoc\d3d11-wrapper\debug\x64\build\d3d11_wrapper.tlog\link.write.1.tlog
